[ 2018-04-18T22:35:05+08:00 ] 127.0.0.1 /book/index.php
ERR: Cron:cron Runat 2018-04-18 22:35:05 Use 0.000000 s

[ 2018-04-18T22:35:05+08:00 ] 127.0.0.1 /book/index.php
INFO: [ app_init ] --START--
INFO: Run Behavior\BuildLiteBehavior [ RunTime:0.000000s ]
INFO: [ app_init ] --END-- [ RunTime:0.066004s ]
INFO: [ app_begin ] --START--
INFO: Run Behavior\ReadHtmlCacheBehavior [ RunTime:0.019001s ]
INFO: Run Behavior\CronRunBehavior [ RunTime:0.036002s ]
INFO: [ app_begin ] --END-- [ RunTime:0.055003s ]
NOTIC: [8] Undefined index: auto G:\wamp\www\book\Application\Home\Controller\CommonController.class.php 第 17 行.
SQL: SHOW COLUMNS FROM `hd_user` [ RunTime:0.0950s ]
SQL: SELECT `id` FROM `hd_user` WHERE `username` = '' LIMIT 1   [ RunTime:0.0010s ]

[ 2018-04-18T22:35:06+08:00 ] 127.0.0.1 /book/index.php?m=&c=Login&a=index
INFO: [ app_init ] --START--
INFO: Run Behavior\BuildLiteBehavior [ RunTime:0.000000s ]
INFO: [ app_init ] --END-- [ RunTime:0.001001s ]
INFO: [ app_begin ] --START--
INFO: Run Behavior\ReadHtmlCacheBehavior [ RunTime:0.001000s ]
INFO: Run Behavior\CronRunBehavior [ RunTime:0.044002s ]
INFO: [ app_begin ] --END-- [ RunTime:0.045002s ]
INFO: [ view_parse ] --START--
INFO: [ template_filter ] --START--
INFO: Run Behavior\ContentReplaceBehavior [ RunTime:0.062003s ]
INFO: [ template_filter ] --END-- [ RunTime:0.062003s ]
INFO: Run Behavior\ParseTemplateBehavior [ RunTime:0.143008s ]
INFO: [ view_parse ] --END-- [ RunTime:0.144008s ]
INFO: [ view_filter ] --START--
INFO: Run Behavior\WriteHtmlCacheBehavior [ RunTime:0.014001s ]
INFO: [ view_filter ] --END-- [ RunTime:0.014001s ]
INFO: [ app_end ] --START--
INFO: Run Behavior\ShowPageTraceBehavior [ RunTime:0.021001s ]
INFO: [ app_end ] --END-- [ RunTime:0.021001s ]

[ 2018-04-18T22:35:08+08:00 ] 127.0.0.1 /book/index.php?m=&c=Login&a=verify
ERR: Cron:cron Runat 2018-04-18 22:35:08 Use 0.000000 s

[ 2018-04-18T22:35:09+08:00 ] 127.0.0.1 /book/index.php?m=&c=Login&a=verify
INFO: [ app_init ] --START--
INFO: Run Behavior\BuildLiteBehavior [ RunTime:0.000000s ]
INFO: [ app_init ] --END-- [ RunTime:0.001000s ]
INFO: [ app_begin ] --START--
INFO: Run Behavior\ReadHtmlCacheBehavior [ RunTime:0.001000s ]
INFO: Run Behavior\CronRunBehavior [ RunTime:0.004001s ]
INFO: [ app_begin ] --END-- [ RunTime:0.005001s ]
INFO: [ app_end ] --START--
INFO: Run Behavior\ShowPageTraceBehavior [ RunTime:0.003000s ]
INFO: [ app_end ] --END-- [ RunTime:0.003000s ]

