[ 2018-04-10T09:38:05+08:00 ] 127.0.0.1 /book/index.php
ERR: Cron:cron Runat 2018-04-10 09:38:05 Use 0.000000 s

[ 2018-04-10T09:38:05+08:00 ] 127.0.0.1 /book/index.php
INFO: [ app_init ] --START--
INFO: Run Behavior\BuildLiteBehavior [ RunTime:0.000000s ]
INFO: [ app_init ] --END-- [ RunTime:0.050000s ]
INFO: [ app_begin ] --START--
INFO: Run Behavior\ReadHtmlCacheBehavior [ RunTime:0.000000s ]
INFO: Run Behavior\CronRunBehavior [ RunTime:0.020000s ]
INFO: [ app_begin ] --END-- [ RunTime:0.020000s ]
NOTIC: [8] Undefined index: auto G:\wamp\www\book\Application\Home\Controller\CommonController.class.php 第 17 行.
SQL: SHOW COLUMNS FROM `hd_user` [ RunTime:0.0900s ]
SQL: SELECT `id` FROM `hd_user` WHERE `username` = '' LIMIT 1   [ RunTime:0.0300s ]

[ 2018-04-10T09:38:06+08:00 ] 127.0.0.1 /book/index.php?m=&c=Login&a=index
INFO: [ app_init ] --START--
INFO: Run Behavior\BuildLiteBehavior [ RunTime:0.000000s ]
INFO: [ app_init ] --END-- [ RunTime:0.000000s ]
INFO: [ app_begin ] --START--
INFO: Run Behavior\ReadHtmlCacheBehavior [ RunTime:0.000000s ]
INFO: Run Behavior\CronRunBehavior [ RunTime:0.020000s ]
INFO: [ app_begin ] --END-- [ RunTime:0.020000s ]
INFO: [ view_parse ] --START--
INFO: [ template_filter ] --START--
INFO: Run Behavior\ContentReplaceBehavior [ RunTime:0.050000s ]
INFO: [ template_filter ] --END-- [ RunTime:0.050000s ]
INFO: Run Behavior\ParseTemplateBehavior [ RunTime:0.200001s ]
INFO: [ view_parse ] --END-- [ RunTime:0.200001s ]
INFO: [ view_filter ] --START--
INFO: Run Behavior\WriteHtmlCacheBehavior [ RunTime:0.020000s ]
INFO: [ view_filter ] --END-- [ RunTime:0.020000s ]
INFO: [ app_end ] --START--
INFO: Run Behavior\ShowPageTraceBehavior [ RunTime:0.020000s ]
INFO: [ app_end ] --END-- [ RunTime:0.020000s ]

[ 2018-04-10T09:38:06+08:00 ] 127.0.0.1 /book/index.php?m=&c=Login&a=verify
ERR: Cron:cron Runat 2018-04-10 09:38:06 Use 0.000000 s

[ 2018-04-10T09:38:07+08:00 ] 127.0.0.1 /book/index.php?m=&c=Login&a=verify
INFO: [ app_init ] --START--
INFO: Run Behavior\BuildLiteBehavior [ RunTime:0.000000s ]
INFO: [ app_init ] --END-- [ RunTime:0.002500s ]
INFO: [ app_begin ] --START--
INFO: Run Behavior\ReadHtmlCacheBehavior [ RunTime:0.002500s ]
INFO: Run Behavior\CronRunBehavior [ RunTime:0.002500s ]
INFO: [ app_begin ] --END-- [ RunTime:0.005000s ]
INFO: [ app_end ] --START--
INFO: Run Behavior\ShowPageTraceBehavior [ RunTime:0.000000s ]
INFO: [ app_end ] --END-- [ RunTime:0.000000s ]

[ 2018-04-10T09:38:10+08:00 ] 127.0.0.1 /book/index.php?m=&c=Login&a=verify&0.625306229016309
ERR: Cron:cron Runat 2018-04-10 09:38:10 Use 0.000000 s

[ 2018-04-10T09:38:10+08:00 ] 127.0.0.1 /book/index.php?m=&c=Login&a=verify&0.625306229016309
INFO: [ app_init ] --START--
INFO: Run Behavior\BuildLiteBehavior [ RunTime:0.000000s ]
INFO: [ app_init ] --END-- [ RunTime:0.000000s ]
INFO: [ app_begin ] --START--
INFO: Run Behavior\ReadHtmlCacheBehavior [ RunTime:0.000000s ]
INFO: Run Behavior\CronRunBehavior [ RunTime:0.005000s ]
INFO: [ app_begin ] --END-- [ RunTime:0.005000s ]
INFO: [ app_end ] --START--
INFO: Run Behavior\ShowPageTraceBehavior [ RunTime:0.000000s ]
INFO: [ app_end ] --END-- [ RunTime:0.000000s ]

[ 2018-04-10T09:38:11+08:00 ] 127.0.0.1 /book/index.php?m=&c=Login&a=verify&0.625306229016309&0.6151256986051787
INFO: [ app_init ] --START--
INFO: Run Behavior\BuildLiteBehavior [ RunTime:0.000000s ]
INFO: [ app_init ] --END-- [ RunTime:0.000000s ]
INFO: [ app_begin ] --START--
INFO: Run Behavior\ReadHtmlCacheBehavior [ RunTime:0.000000s ]
INFO: Run Behavior\CronRunBehavior [ RunTime:0.000000s ]
INFO: [ app_begin ] --END-- [ RunTime:0.000000s ]
INFO: [ app_end ] --START--
INFO: Run Behavior\ShowPageTraceBehavior [ RunTime:0.010000s ]
INFO: [ app_end ] --END-- [ RunTime:0.010000s ]

[ 2018-04-10T09:38:12+08:00 ] 127.0.0.1 /book/index.php?m=&c=Login&a=verify&0.625306229016309&0.6151256986051787&0.19616687956262235
ERR: Cron:cron Runat 2018-04-10 09:38:12 Use 0.000000 s

[ 2018-04-10T09:38:12+08:00 ] 127.0.0.1 /book/index.php?m=&c=Login&a=verify&0.625306229016309&0.6151256986051787&0.19616687956262235
INFO: [ app_init ] --START--
INFO: Run Behavior\BuildLiteBehavior [ RunTime:0.000000s ]
INFO: [ app_init ] --END-- [ RunTime:0.002500s ]
INFO: [ app_begin ] --START--
INFO: Run Behavior\ReadHtmlCacheBehavior [ RunTime:0.002500s ]
INFO: Run Behavior\CronRunBehavior [ RunTime:0.000000s ]
INFO: [ app_begin ] --END-- [ RunTime:0.002500s ]
INFO: [ app_end ] --START--
INFO: Run Behavior\ShowPageTraceBehavior [ RunTime:0.000000s ]
INFO: [ app_end ] --END-- [ RunTime:0.000000s ]

[ 2018-04-10T09:38:13+08:00 ] 127.0.0.1 /book/index.php?m=&c=Login&a=verify&0.625306229016309&0.6151256986051787&0.19616687956262235&0.07337397183841343
INFO: [ app_init ] --START--
INFO: Run Behavior\BuildLiteBehavior [ RunTime:0.000000s ]
INFO: [ app_init ] --END-- [ RunTime:0.000000s ]
INFO: [ app_begin ] --START--
INFO: Run Behavior\ReadHtmlCacheBehavior [ RunTime:0.000000s ]
INFO: Run Behavior\CronRunBehavior [ RunTime:0.002500s ]
INFO: [ app_begin ] --END-- [ RunTime:0.002500s ]
INFO: [ app_end ] --START--
INFO: Run Behavior\ShowPageTraceBehavior [ RunTime:0.000000s ]
INFO: [ app_end ] --END-- [ RunTime:0.000000s ]

[ 2018-04-10T09:38:13+08:00 ] 127.0.0.1 /book/index.php?m=&c=Login&a=verify&0.625306229016309&0.6151256986051787&0.19616687956262235&0.07337397183841343&0.9661166698683199
INFO: [ app_init ] --START--
INFO: Run Behavior\BuildLiteBehavior [ RunTime:0.000000s ]
INFO: [ app_init ] --END-- [ RunTime:0.000000s ]
INFO: [ app_begin ] --START--
INFO: Run Behavior\ReadHtmlCacheBehavior [ RunTime:0.000000s ]
INFO: Run Behavior\CronRunBehavior [ RunTime:0.002500s ]
INFO: [ app_begin ] --END-- [ RunTime:0.002500s ]
INFO: [ app_end ] --START--
INFO: Run Behavior\ShowPageTraceBehavior [ RunTime:0.000000s ]
INFO: [ app_end ] --END-- [ RunTime:0.000000s ]

[ 2018-04-10T09:38:14+08:00 ] 127.0.0.1 /book/index.php?m=&c=Login&a=verify&0.625306229016309&0.6151256986051787&0.19616687956262235&0.07337397183841343&0.9661166698683199&0.10024812085774615
ERR: Cron:cron Runat 2018-04-10 09:38:14 Use 0.000000 s

[ 2018-04-10T09:38:14+08:00 ] 127.0.0.1 /book/index.php?m=&c=Login&a=verify&0.625306229016309&0.6151256986051787&0.19616687956262235&0.07337397183841343&0.9661166698683199&0.10024812085774615
INFO: [ app_init ] --START--
INFO: Run Behavior\BuildLiteBehavior [ RunTime:0.000000s ]
INFO: [ app_init ] --END-- [ RunTime:0.002500s ]
INFO: [ app_begin ] --START--
INFO: Run Behavior\ReadHtmlCacheBehavior [ RunTime:0.000000s ]
INFO: Run Behavior\CronRunBehavior [ RunTime:0.005000s ]
INFO: [ app_begin ] --END-- [ RunTime:0.005000s ]
INFO: [ app_end ] --START--
INFO: Run Behavior\ShowPageTraceBehavior [ RunTime:0.000000s ]
INFO: [ app_end ] --END-- [ RunTime:0.000000s ]

[ 2018-04-10T09:38:15+08:00 ] 127.0.0.1 /book/index.php?m=&c=Login&a=verify&0.625306229016309&0.6151256986051787&0.19616687956262235&0.07337397183841343&0.9661166698683199&0.10024812085774615&0.2617347086381987
INFO: [ app_init ] --START--
INFO: Run Behavior\BuildLiteBehavior [ RunTime:0.000000s ]
INFO: [ app_init ] --END-- [ RunTime:0.000000s ]
INFO: [ app_begin ] --START--
INFO: Run Behavior\ReadHtmlCacheBehavior [ RunTime:0.000000s ]
INFO: Run Behavior\CronRunBehavior [ RunTime:0.000000s ]
INFO: [ app_begin ] --END-- [ RunTime:0.000000s ]
INFO: [ app_end ] --START--
INFO: Run Behavior\ShowPageTraceBehavior [ RunTime:0.000000s ]
INFO: [ app_end ] --END-- [ RunTime:0.010000s ]

[ 2018-04-10T09:38:15+08:00 ] 127.0.0.1 /book/index.php?m=&c=Login&a=verify&0.625306229016309&0.6151256986051787&0.19616687956262235&0.07337397183841343&0.9661166698683199&0.10024812085774615&0.2617347086381987&0.6503443111941924
INFO: [ app_init ] --START--
INFO: Run Behavior\BuildLiteBehavior [ RunTime:0.000000s ]
INFO: [ app_init ] --END-- [ RunTime:0.000000s ]
INFO: [ app_begin ] --START--
INFO: Run Behavior\ReadHtmlCacheBehavior [ RunTime:0.000000s ]
INFO: Run Behavior\CronRunBehavior [ RunTime:0.002500s ]
INFO: [ app_begin ] --END-- [ RunTime:0.002500s ]
INFO: [ app_end ] --START--
INFO: Run Behavior\ShowPageTraceBehavior [ RunTime:0.002500s ]
INFO: [ app_end ] --END-- [ RunTime:0.002500s ]

[ 2018-04-10T10:48:43+08:00 ] 127.0.0.1 /book/index.php
ERR: Cron:cron Runat 2018-04-10 10:48:43 Use 0.000000 s

[ 2018-04-10T10:48:43+08:00 ] 127.0.0.1 /book/index.php
INFO: [ app_init ] --START--
INFO: Run Behavior\BuildLiteBehavior [ RunTime:0.000000s ]
INFO: [ app_init ] --END-- [ RunTime:0.000000s ]
INFO: [ app_begin ] --START--
INFO: Run Behavior\ReadHtmlCacheBehavior [ RunTime:0.000000s ]
INFO: Run Behavior\CronRunBehavior [ RunTime:0.030000s ]
INFO: [ app_begin ] --END-- [ RunTime:0.030000s ]
NOTIC: [8] Undefined index: auto G:\wamp\www\book\Application\Home\Controller\CommonController.class.php 第 17 行.
SQL: SHOW COLUMNS FROM `hd_user` [ RunTime:0.0050s ]
SQL: SELECT `id` FROM `hd_user` WHERE `username` = '' LIMIT 1   [ RunTime:0.0000s ]

[ 2018-04-10T10:48:43+08:00 ] 127.0.0.1 /book/index.php?m=&c=Login&a=index
INFO: [ app_init ] --START--
INFO: Run Behavior\BuildLiteBehavior [ RunTime:0.000000s ]
INFO: [ app_init ] --END-- [ RunTime:0.000000s ]
INFO: [ app_begin ] --START--
INFO: Run Behavior\ReadHtmlCacheBehavior [ RunTime:0.000000s ]
INFO: Run Behavior\CronRunBehavior [ RunTime:0.000000s ]
INFO: [ app_begin ] --END-- [ RunTime:0.000000s ]
INFO: [ view_parse ] --START--
INFO: [ template_filter ] --START--
INFO: Run Behavior\ContentReplaceBehavior [ RunTime:0.010001s ]
INFO: [ template_filter ] --END-- [ RunTime:0.010001s ]
INFO: Run Behavior\ParseTemplateBehavior [ RunTime:0.050001s ]
INFO: [ view_parse ] --END-- [ RunTime:0.050001s ]
INFO: [ view_filter ] --START--
INFO: Run Behavior\WriteHtmlCacheBehavior [ RunTime:0.000000s ]
INFO: [ view_filter ] --END-- [ RunTime:0.000000s ]
INFO: [ app_end ] --START--
INFO: Run Behavior\ShowPageTraceBehavior [ RunTime:0.010000s ]
INFO: [ app_end ] --END-- [ RunTime:0.010000s ]

[ 2018-04-10T10:48:43+08:00 ] 127.0.0.1 /book/index.php?m=&c=Login&a=verify
INFO: [ app_init ] --START--
INFO: Run Behavior\BuildLiteBehavior [ RunTime:0.000000s ]
INFO: [ app_init ] --END-- [ RunTime:0.000000s ]
INFO: [ app_begin ] --START--
INFO: Run Behavior\ReadHtmlCacheBehavior [ RunTime:0.002500s ]
INFO: Run Behavior\CronRunBehavior [ RunTime:0.002500s ]
INFO: [ app_begin ] --END-- [ RunTime:0.005000s ]
INFO: [ app_end ] --START--
INFO: Run Behavior\ShowPageTraceBehavior [ RunTime:0.002500s ]
INFO: [ app_end ] --END-- [ RunTime:0.002500s ]

[ 2018-04-10T10:52:01+08:00 ] 127.0.0.1 /book/index.php?m=&c=Login&a=login
ERR: Cron:cron Runat 2018-04-10 10:52:01 Use 0.002500 s

[ 2018-04-10T10:52:01+08:00 ] 127.0.0.1 /book/index.php?m=&c=Login&a=login
INFO: [ app_init ] --START--
INFO: Run Behavior\BuildLiteBehavior [ RunTime:0.000000s ]
INFO: [ app_init ] --END-- [ RunTime:0.000000s ]
INFO: [ app_begin ] --START--
INFO: Run Behavior\ReadHtmlCacheBehavior [ RunTime:0.002500s ]
INFO: Run Behavior\CronRunBehavior [ RunTime:0.002500s ]
INFO: [ app_begin ] --END-- [ RunTime:0.005000s ]
SQL: SHOW COLUMNS FROM `hd_user` [ RunTime:0.0000s ]
SQL: SELECT * FROM `hd_user` WHERE `username` = '2015111119' AND `passwd` = '2015111119' LIMIT 1   [ RunTime:0.0000s ]
INFO: [ view_parse ] --START--
INFO: [ template_filter ] --START--
INFO: Run Behavior\ContentReplaceBehavior [ RunTime:0.000000s ]
INFO: [ template_filter ] --END-- [ RunTime:0.000000s ]
INFO: Run Behavior\ParseTemplateBehavior [ RunTime:0.080000s ]
INFO: [ view_parse ] --END-- [ RunTime:0.080000s ]
INFO: [ view_filter ] --START--
INFO: Run Behavior\WriteHtmlCacheBehavior [ RunTime:0.000000s ]
INFO: [ view_filter ] --END-- [ RunTime:0.010000s ]
INFO: [ app_end ] --START--
INFO: Run Behavior\ShowPageTraceBehavior [ RunTime:0.000000s ]
INFO: [ app_end ] --END-- [ RunTime:0.000000s ]

[ 2018-04-10T10:52:02+08:00 ] 127.0.0.1 /book/index.php
INFO: [ app_init ] --START--
INFO: Run Behavior\BuildLiteBehavior [ RunTime:0.000000s ]
INFO: [ app_init ] --END-- [ RunTime:0.000000s ]
INFO: [ app_begin ] --START--
INFO: Run Behavior\ReadHtmlCacheBehavior [ RunTime:0.000000s ]
INFO: Run Behavior\CronRunBehavior [ RunTime:0.010000s ]
INFO: [ app_begin ] --END-- [ RunTime:0.010000s ]
SQL: SHOW COLUMNS FROM `hd_user` [ RunTime:0.0100s ]
SQL: SELECT `id` FROM `hd_user` WHERE `username` = '2015111119' LIMIT 1   [ RunTime:0.0000s ]
SQL: SHOW COLUMNS FROM `hd_floor` [ RunTime:0.0125s ]
SQL: SELECT * FROM `hd_floor` WHERE `isoff` = 0  [ RunTime:0.0000s ]
INFO: [ view_parse ] --START--
INFO: [ template_filter ] --START--
INFO: Run Behavior\ContentReplaceBehavior [ RunTime:0.000000s ]
INFO: [ template_filter ] --END-- [ RunTime:0.000000s ]
INFO: Run Behavior\ParseTemplateBehavior [ RunTime:0.070000s ]
INFO: [ view_parse ] --END-- [ RunTime:0.070000s ]
INFO: [ view_filter ] --START--
INFO: Run Behavior\WriteHtmlCacheBehavior [ RunTime:0.010000s ]
INFO: [ view_filter ] --END-- [ RunTime:0.010000s ]
INFO: [ app_end ] --START--
INFO: Run Behavior\ShowPageTraceBehavior [ RunTime:0.000000s ]
INFO: [ app_end ] --END-- [ RunTime:0.000000s ]

[ 2018-04-10T10:52:54+08:00 ] 127.0.0.1 /book/index.php?m=&c=Index&a=main&fid=1
ERR: Cron:cron Runat 2018-04-10 10:52:54 Use 0.000000 s

[ 2018-04-10T10:52:54+08:00 ] 127.0.0.1 /book/index.php?m=&c=Index&a=main&fid=1
INFO: [ app_init ] --START--
INFO: Run Behavior\BuildLiteBehavior [ RunTime:0.000000s ]
INFO: [ app_init ] --END-- [ RunTime:0.000000s ]
INFO: [ app_begin ] --START--
INFO: Run Behavior\ReadHtmlCacheBehavior [ RunTime:0.000000s ]
INFO: Run Behavior\CronRunBehavior [ RunTime:0.010000s ]
INFO: [ app_begin ] --END-- [ RunTime:0.010000s ]
SQL: SHOW COLUMNS FROM `hd_user` [ RunTime:0.0025s ]
SQL: SELECT `id` FROM `hd_user` WHERE `username` = '2015111119' LIMIT 1   [ RunTime:0.0000s ]
SQL: SHOW COLUMNS FROM `hd_floor` [ RunTime:0.0100s ]
SQL: SELECT `content`,`fname` FROM `hd_floor` WHERE `fid` = 1 LIMIT 1   [ RunTime:0.0000s ]
SQL: SHOW COLUMNS FROM `hd_seat` [ RunTime:0.0000s ]
SQL: SELECT `sname` FROM `hd_seat` WHERE `sfid` = 1 AND `isbook` = 1 ORDER BY sname  [ RunTime:0.0200s ]
SQL: SELECT `column` FROM `hd_floor` WHERE `fid` = 1 LIMIT 1   [ RunTime:0.0000s ]
INFO: [ view_parse ] --START--
INFO: [ template_filter ] --START--
INFO: Run Behavior\ContentReplaceBehavior [ RunTime:0.000000s ]
INFO: [ template_filter ] --END-- [ RunTime:0.000000s ]
INFO: Run Behavior\ParseTemplateBehavior [ RunTime:0.050000s ]
INFO: [ view_parse ] --END-- [ RunTime:0.050000s ]
INFO: [ view_filter ] --START--
INFO: Run Behavior\WriteHtmlCacheBehavior [ RunTime:0.000000s ]
INFO: [ view_filter ] --END-- [ RunTime:0.000000s ]
INFO: [ app_end ] --START--
INFO: Run Behavior\ShowPageTraceBehavior [ RunTime:0.010000s ]
INFO: [ app_end ] --END-- [ RunTime:0.010000s ]

[ 2018-04-10T10:53:09+08:00 ] 127.0.0.1 /book/index.php/Home/Index/bookseat?seatname=20&floorname=1
ERR: Cron:cron Runat 2018-04-10 10:53:09 Use 0.000000 s

[ 2018-04-10T10:53:09+08:00 ] 127.0.0.1 /book/index.php/Home/Index/bookseat?seatname=20&floorname=1
INFO: [ app_init ] --START--
INFO: Run Behavior\BuildLiteBehavior [ RunTime:0.000000s ]
INFO: [ app_init ] --END-- [ RunTime:0.002500s ]
INFO: [ app_begin ] --START--
INFO: Run Behavior\ReadHtmlCacheBehavior [ RunTime:0.000000s ]
INFO: Run Behavior\CronRunBehavior [ RunTime:0.002500s ]
INFO: [ app_begin ] --END-- [ RunTime:0.005000s ]
SQL: SHOW COLUMNS FROM `hd_user` [ RunTime:0.0000s ]
SQL: SELECT `id` FROM `hd_user` WHERE `username` = '2015111119' LIMIT 1   [ RunTime:0.0000s ]
SQL: SELECT `islock`,`trust` FROM `hd_user` WHERE `id` = 1 LIMIT 1   [ RunTime:0.0000s ]
SQL: SHOW COLUMNS FROM `hd_seat` [ RunTime:0.0100s ]
SQL: UPDATE `hd_seat` SET `isbook`='1' WHERE `sfid` = 1 AND `sname` = '20' [ RunTime:0.0400s ]
SQL: SHOW COLUMNS FROM `hd_floor` [ RunTime:0.0000s ]
SQL: SELECT `column` FROM `hd_floor` WHERE `fid` = 1 LIMIT 1   [ RunTime:0.0000s ]
SQL: SHOW COLUMNS FROM `hd_record` [ RunTime:0.0100s ]
SQL: INSERT INTO `hd_record` (`booktime`,`risbook`,`fid`,`sid`,`uid`) VALUES ('1523328789','1','1','20','1') [ RunTime:0.0300s ]
SQL: UPDATE `hd_user` SET `islock`='1' WHERE `id` = 1 [ RunTime:0.0000s ]
INFO: [ app_end ] --START--
INFO: Run Behavior\ShowPageTraceBehavior [ RunTime:0.000000s ]
INFO: [ app_end ] --END-- [ RunTime:0.000000s ]

[ 2018-04-10T11:08:12+08:00 ] 127.0.0.1 /book/index.php
ERR: Cron:cron Runat 2018-04-10 11:08:12 Use 0.000000 s

[ 2018-04-10T11:08:12+08:00 ] 127.0.0.1 /book/index.php
INFO: [ app_init ] --START--
INFO: Run Behavior\BuildLiteBehavior [ RunTime:0.000000s ]
INFO: [ app_init ] --END-- [ RunTime:0.010000s ]
INFO: [ app_begin ] --START--
INFO: Run Behavior\ReadHtmlCacheBehavior [ RunTime:0.000000s ]
INFO: Run Behavior\CronRunBehavior [ RunTime:0.010000s ]
INFO: [ app_begin ] --END-- [ RunTime:0.010000s ]
SQL: SHOW COLUMNS FROM `hd_user` [ RunTime:0.0000s ]
SQL: SELECT `id` FROM `hd_user` WHERE `username` = '2015111119' LIMIT 1   [ RunTime:0.0000s ]
SQL: SHOW COLUMNS FROM `hd_floor` [ RunTime:0.0100s ]
SQL: SELECT * FROM `hd_floor` WHERE `isoff` = 0  [ RunTime:0.0000s ]
INFO: [ view_parse ] --START--
INFO: [ template_filter ] --START--
INFO: Run Behavior\ContentReplaceBehavior [ RunTime:0.000000s ]
INFO: [ template_filter ] --END-- [ RunTime:0.000000s ]
INFO: Run Behavior\ParseTemplateBehavior [ RunTime:0.020000s ]
INFO: [ view_parse ] --END-- [ RunTime:0.020000s ]
INFO: [ view_filter ] --START--
INFO: Run Behavior\WriteHtmlCacheBehavior [ RunTime:0.000000s ]
INFO: [ view_filter ] --END-- [ RunTime:0.000000s ]
INFO: [ app_end ] --START--
INFO: Run Behavior\ShowPageTraceBehavior [ RunTime:0.000000s ]
INFO: [ app_end ] --END-- [ RunTime:0.000000s ]

[ 2018-04-10T11:08:57+08:00 ] 127.0.0.1 /book/index.php?m=&c=Index&a=main&fid=1
ERR: Cron:cron Runat 2018-04-10 11:08:57 Use 0.000000 s

[ 2018-04-10T11:08:57+08:00 ] 127.0.0.1 /book/index.php?m=&c=Index&a=main&fid=1
INFO: [ app_init ] --START--
INFO: Run Behavior\BuildLiteBehavior [ RunTime:0.000000s ]
INFO: [ app_init ] --END-- [ RunTime:0.010000s ]
INFO: [ app_begin ] --START--
INFO: Run Behavior\ReadHtmlCacheBehavior [ RunTime:0.000000s ]
INFO: Run Behavior\CronRunBehavior [ RunTime:0.000000s ]
INFO: [ app_begin ] --END-- [ RunTime:0.000000s ]
SQL: SHOW COLUMNS FROM `hd_user` [ RunTime:0.0000s ]
SQL: SELECT `id` FROM `hd_user` WHERE `username` = '2015111119' LIMIT 1   [ RunTime:0.0000s ]
SQL: SHOW COLUMNS FROM `hd_floor` [ RunTime:0.0000s ]
SQL: SELECT `content`,`fname` FROM `hd_floor` WHERE `fid` = 1 LIMIT 1   [ RunTime:0.0100s ]
SQL: SHOW COLUMNS FROM `hd_seat` [ RunTime:0.0000s ]
SQL: SELECT `sname` FROM `hd_seat` WHERE `sfid` = 1 AND `isbook` = 1 ORDER BY sname  [ RunTime:0.0000s ]
SQL: SELECT `column` FROM `hd_floor` WHERE `fid` = 1 LIMIT 1   [ RunTime:0.0000s ]
INFO: [ view_parse ] --START--
INFO: [ template_filter ] --START--
INFO: Run Behavior\ContentReplaceBehavior [ RunTime:0.000000s ]
INFO: [ template_filter ] --END-- [ RunTime:0.000000s ]
INFO: Run Behavior\ParseTemplateBehavior [ RunTime:0.010000s ]
INFO: [ view_parse ] --END-- [ RunTime:0.010000s ]
INFO: [ view_filter ] --START--
INFO: Run Behavior\WriteHtmlCacheBehavior [ RunTime:0.000000s ]
INFO: [ view_filter ] --END-- [ RunTime:0.000000s ]
INFO: [ app_end ] --START--
INFO: Run Behavior\ShowPageTraceBehavior [ RunTime:0.000000s ]
INFO: [ app_end ] --END-- [ RunTime:0.000000s ]

[ 2018-04-10T11:09:43+08:00 ] 127.0.0.1 /book/index.php?m=&c=Index&a=information
ERR: Cron:cron Runat 2018-04-10 11:09:43 Use 0.000000 s

[ 2018-04-10T11:09:43+08:00 ] 127.0.0.1 /book/index.php?m=&c=Index&a=information
INFO: [ app_init ] --START--
INFO: Run Behavior\BuildLiteBehavior [ RunTime:0.000000s ]
INFO: [ app_init ] --END-- [ RunTime:0.000000s ]
INFO: [ app_begin ] --START--
INFO: Run Behavior\ReadHtmlCacheBehavior [ RunTime:0.000000s ]
INFO: Run Behavior\CronRunBehavior [ RunTime:0.010000s ]
INFO: [ app_begin ] --END-- [ RunTime:0.010000s ]
SQL: SHOW COLUMNS FROM `hd_user` [ RunTime:0.0000s ]
SQL: SELECT `id` FROM `hd_user` WHERE `username` = '2015111119' LIMIT 1   [ RunTime:0.0000s ]
SQL: SELECT `trust` FROM `hd_user` WHERE `id` = 1 LIMIT 1   [ RunTime:0.0000s ]
SQL: SHOW COLUMNS FROM `hd_record` [ RunTime:0.0000s ]
SQL: SELECT COUNT(*) AS tp_count FROM `hd_record` LIMIT 1   [ RunTime:0.0000s ]
SQL: SELECT * FROM `hd_record` ORDER BY rid DESC LIMIT 0,4   [ RunTime:0.0100s ]
INFO: [ view_parse ] --START--
INFO: [ template_filter ] --START--
INFO: Run Behavior\ContentReplaceBehavior [ RunTime:0.000000s ]
INFO: [ template_filter ] --END-- [ RunTime:0.000000s ]
INFO: Run Behavior\ParseTemplateBehavior [ RunTime:0.050001s ]
INFO: [ view_parse ] --END-- [ RunTime:0.050001s ]
INFO: [ view_filter ] --START--
INFO: Run Behavior\WriteHtmlCacheBehavior [ RunTime:0.000000s ]
INFO: [ view_filter ] --END-- [ RunTime:0.000000s ]
INFO: [ app_end ] --START--
INFO: Run Behavior\ShowPageTraceBehavior [ RunTime:0.000000s ]
INFO: [ app_end ] --END-- [ RunTime:0.000000s ]

[ 2018-04-10T11:09:53+08:00 ] 127.0.0.1 /book/index.php?m=&c=Index&a=information&p=2
ERR: Cron:cron Runat 2018-04-10 11:09:53 Use 0.000000 s

[ 2018-04-10T11:09:53+08:00 ] 127.0.0.1 /book/index.php?m=&c=Index&a=information&p=2
INFO: [ app_init ] --START--
INFO: Run Behavior\BuildLiteBehavior [ RunTime:0.000000s ]
INFO: [ app_init ] --END-- [ RunTime:0.000000s ]
INFO: [ app_begin ] --START--
INFO: Run Behavior\ReadHtmlCacheBehavior [ RunTime:0.000000s ]
INFO: Run Behavior\CronRunBehavior [ RunTime:0.002500s ]
INFO: [ app_begin ] --END-- [ RunTime:0.005000s ]
SQL: SHOW COLUMNS FROM `hd_user` [ RunTime:0.0000s ]
SQL: SELECT `id` FROM `hd_user` WHERE `username` = '2015111119' LIMIT 1   [ RunTime:0.0000s ]
SQL: SELECT `trust` FROM `hd_user` WHERE `id` = 1 LIMIT 1   [ RunTime:0.0000s ]
SQL: SHOW COLUMNS FROM `hd_record` [ RunTime:0.0100s ]
SQL: SELECT COUNT(*) AS tp_count FROM `hd_record` LIMIT 1   [ RunTime:0.0000s ]
SQL: SELECT * FROM `hd_record` ORDER BY rid DESC LIMIT 4,4   [ RunTime:0.0000s ]
INFO: [ view_parse ] --START--
INFO: [ template_filter ] --START--
INFO: Run Behavior\ContentReplaceBehavior [ RunTime:0.000000s ]
INFO: [ template_filter ] --END-- [ RunTime:0.000000s ]
INFO: Run Behavior\ParseTemplateBehavior [ RunTime:0.010000s ]
INFO: [ view_parse ] --END-- [ RunTime:0.010000s ]
INFO: [ view_filter ] --START--
INFO: Run Behavior\WriteHtmlCacheBehavior [ RunTime:0.000000s ]
INFO: [ view_filter ] --END-- [ RunTime:0.000000s ]
INFO: [ app_end ] --START--
INFO: Run Behavior\ShowPageTraceBehavior [ RunTime:0.000000s ]
INFO: [ app_end ] --END-- [ RunTime:0.000000s ]

[ 2018-04-10T11:09:54+08:00 ] 127.0.0.1 /book/index.php?m=&c=Index&a=information&p=1
INFO: [ app_init ] --START--
INFO: Run Behavior\BuildLiteBehavior [ RunTime:0.000000s ]
INFO: [ app_init ] --END-- [ RunTime:0.002500s ]
INFO: [ app_begin ] --START--
INFO: Run Behavior\ReadHtmlCacheBehavior [ RunTime:0.002500s ]
INFO: Run Behavior\CronRunBehavior [ RunTime:0.000000s ]
INFO: [ app_begin ] --END-- [ RunTime:0.002500s ]
SQL: SHOW COLUMNS FROM `hd_user` [ RunTime:0.0000s ]
SQL: SELECT `id` FROM `hd_user` WHERE `username` = '2015111119' LIMIT 1   [ RunTime:0.0000s ]
SQL: SELECT `trust` FROM `hd_user` WHERE `id` = 1 LIMIT 1   [ RunTime:0.0000s ]
SQL: SHOW COLUMNS FROM `hd_record` [ RunTime:0.0100s ]
SQL: SELECT COUNT(*) AS tp_count FROM `hd_record` LIMIT 1   [ RunTime:0.0000s ]
SQL: SELECT * FROM `hd_record` ORDER BY rid DESC LIMIT 0,4   [ RunTime:0.0000s ]
INFO: [ view_parse ] --START--
INFO: [ template_filter ] --START--
INFO: Run Behavior\ContentReplaceBehavior [ RunTime:0.000000s ]
INFO: [ template_filter ] --END-- [ RunTime:0.000000s ]
INFO: Run Behavior\ParseTemplateBehavior [ RunTime:0.010000s ]
INFO: [ view_parse ] --END-- [ RunTime:0.010000s ]
INFO: [ view_filter ] --START--
INFO: Run Behavior\WriteHtmlCacheBehavior [ RunTime:0.000000s ]
INFO: [ view_filter ] --END-- [ RunTime:0.000000s ]
INFO: [ app_end ] --START--
INFO: Run Behavior\ShowPageTraceBehavior [ RunTime:0.010000s ]
INFO: [ app_end ] --END-- [ RunTime:0.010000s ]

[ 2018-04-10T11:10:37+08:00 ] 127.0.0.1 /book/index.php?m=&c=Index&a=main&fid=1
ERR: Cron:cron Runat 2018-04-10 11:10:37 Use 0.000000 s

[ 2018-04-10T11:10:37+08:00 ] 127.0.0.1 /book/index.php?m=&c=Index&a=main&fid=1
INFO: [ app_init ] --START--
INFO: Run Behavior\BuildLiteBehavior [ RunTime:0.000000s ]
INFO: [ app_init ] --END-- [ RunTime:0.002500s ]
INFO: [ app_begin ] --START--
INFO: Run Behavior\ReadHtmlCacheBehavior [ RunTime:0.000000s ]
INFO: Run Behavior\CronRunBehavior [ RunTime:0.002500s ]
INFO: [ app_begin ] --END-- [ RunTime:0.002500s ]
SQL: SHOW COLUMNS FROM `hd_user` [ RunTime:0.0000s ]
SQL: SELECT `id` FROM `hd_user` WHERE `username` = '2015111119' LIMIT 1   [ RunTime:0.0100s ]
SQL: SHOW COLUMNS FROM `hd_floor` [ RunTime:0.0000s ]
SQL: SELECT `content`,`fname` FROM `hd_floor` WHERE `fid` = 1 LIMIT 1   [ RunTime:0.0000s ]
SQL: SHOW COLUMNS FROM `hd_seat` [ RunTime:0.0000s ]
SQL: SELECT `sname` FROM `hd_seat` WHERE `sfid` = 1 AND `isbook` = 1 ORDER BY sname  [ RunTime:0.0000s ]
SQL: SELECT `column` FROM `hd_floor` WHERE `fid` = 1 LIMIT 1   [ RunTime:0.0000s ]
INFO: [ view_parse ] --START--
INFO: [ template_filter ] --START--
INFO: Run Behavior\ContentReplaceBehavior [ RunTime:0.000000s ]
INFO: [ template_filter ] --END-- [ RunTime:0.000000s ]
INFO: Run Behavior\ParseTemplateBehavior [ RunTime:0.010000s ]
INFO: [ view_parse ] --END-- [ RunTime:0.010000s ]
INFO: [ view_filter ] --START--
INFO: Run Behavior\WriteHtmlCacheBehavior [ RunTime:0.000000s ]
INFO: [ view_filter ] --END-- [ RunTime:0.000000s ]
INFO: [ app_end ] --START--
INFO: Run Behavior\ShowPageTraceBehavior [ RunTime:0.000000s ]
INFO: [ app_end ] --END-- [ RunTime:0.000000s ]

[ 2018-04-10T11:10:38+08:00 ] 127.0.0.1 /book/index.php?m=&c=Login&a=out
INFO: [ app_init ] --START--
INFO: Run Behavior\BuildLiteBehavior [ RunTime:0.000000s ]
INFO: [ app_init ] --END-- [ RunTime:0.000000s ]
INFO: [ app_begin ] --START--
INFO: Run Behavior\ReadHtmlCacheBehavior [ RunTime:0.000000s ]
INFO: Run Behavior\CronRunBehavior [ RunTime:0.010000s ]
INFO: [ app_begin ] --END-- [ RunTime:0.010000s ]
NOTIC: [8] Undefined variable: module G:\wamp\www\book\ThinkPHP\Common\functions.php 第 990 行.
NOTIC: [8] Undefined variable: var G:\wamp\www\book\ThinkPHP\Common\functions.php 第 990 行.
NOTIC: [2] array_reverse() expects parameter 1 to be array, null given G:\wamp\www\book\ThinkPHP\Common\functions.php 第 990 行.
NOTIC: [2] http_build_query(): Parameter 1 expected to be Array or Object.  Incorrect value given G:\wamp\www\book\ThinkPHP\Common\functions.php 第 990 行.

[ 2018-04-10T11:10:38+08:00 ] 127.0.0.1 /book/index.php?m=&&m=&c=Login&a=index
INFO: [ app_init ] --START--
INFO: Run Behavior\BuildLiteBehavior [ RunTime:0.000000s ]
INFO: [ app_init ] --END-- [ RunTime:0.000000s ]
INFO: [ app_begin ] --START--
INFO: Run Behavior\ReadHtmlCacheBehavior [ RunTime:0.000000s ]
INFO: Run Behavior\CronRunBehavior [ RunTime:0.000000s ]
INFO: [ app_begin ] --END-- [ RunTime:0.000000s ]
INFO: [ view_parse ] --START--
INFO: [ template_filter ] --START--
INFO: Run Behavior\ContentReplaceBehavior [ RunTime:0.000000s ]
INFO: [ template_filter ] --END-- [ RunTime:0.000000s ]
INFO: Run Behavior\ParseTemplateBehavior [ RunTime:0.010000s ]
INFO: [ view_parse ] --END-- [ RunTime:0.010000s ]
INFO: [ view_filter ] --START--
INFO: Run Behavior\WriteHtmlCacheBehavior [ RunTime:0.000000s ]
INFO: [ view_filter ] --END-- [ RunTime:0.000000s ]
INFO: [ app_end ] --START--
INFO: Run Behavior\ShowPageTraceBehavior [ RunTime:0.000000s ]
INFO: [ app_end ] --END-- [ RunTime:0.000000s ]

[ 2018-04-10T11:10:38+08:00 ] 127.0.0.1 /book/index.php?m=&c=Login&a=verify
INFO: [ app_init ] --START--
INFO: Run Behavior\BuildLiteBehavior [ RunTime:0.000000s ]
INFO: [ app_init ] --END-- [ RunTime:0.000000s ]
INFO: [ app_begin ] --START--
INFO: Run Behavior\ReadHtmlCacheBehavior [ RunTime:0.000000s ]
INFO: Run Behavior\CronRunBehavior [ RunTime:0.002500s ]
INFO: [ app_begin ] --END-- [ RunTime:0.005000s ]
INFO: [ app_end ] --START--
INFO: Run Behavior\ShowPageTraceBehavior [ RunTime:0.002500s ]
INFO: [ app_end ] --END-- [ RunTime:0.002500s ]

